#
# There is insufficient memory for the Java Runtime Environment to continue.
# Native memory allocation (malloc) failed to allocate 1048576 bytes. Error detail: AllocateHeap
# Possible reasons:
#   The system is out of physical RAM or swap space
#   This process is running with CompressedOops enabled, and the Java Heap may be blocking the growth of the native heap
# Possible solutions:
#   Reduce memory load on the system
#   Increase physical memory or swap space
#   Check if swap backing store is full
#   Decrease Java heap size (-Xmx/-Xms)
#   Decrease number of Java threads
#   Decrease Java thread stack sizes (-Xss)
#   Set larger code cache with -XX:ReservedCodeCacheSize=
#   JVM is running with Unscaled Compressed Oops mode in which the Java heap is
#     placed in the first 4GB address space. The Java Heap base address is the
#     maximum limit for the native heap growth. Please use -XX:HeapBaseMinAddress
#     to set the Java Heap base and to place the Java Heap above 4GB virtual address.
# This output file may be truncated or incomplete.
#
#  Out of Memory Error (allocation.cpp:44), pid=9412, tid=20896
#
# JRE version:  (23.0.1+11) (build )
# Java VM: Java HotSpot(TM) 64-Bit Server VM (23.0.1+11-39, mixed mode, sharing, tiered, compressed oops, compressed class ptrs, g1 gc, windows-amd64)
# No core dump will be written. Minidumps are not enabled by default on client versions of Windows
#

---------------  S U M M A R Y ------------

Command Line: -Dapplication.home=C:\Program Files\Java\jdk-23 --add-modules=ALL-DEFAULT -Xms8m -Djdk.module.main=jdk.compiler jdk.compiler/com.sun.tools.javac.Main FlappyBird.java

Host: AMD Ryzen 3 7320U with Radeon Graphics         , 8 cores, 7G,  Windows 11 , 64 bit Build 26100 (10.0.26100.6725)
Time: Tue Nov 11 15:45:26 2025 India Standard Time elapsed time: 0.575849 seconds (0d 0h 0m 0s)

---------------  T H R E A D  ---------------

Current thread (0x0000020bd503f8d0):  JavaThread "Unknown thread" [_thread_in_vm, id=20896, stack(0x0000001080200000,0x0000001080300000) (1024K)]

Stack: [0x0000001080200000,0x0000001080300000]
Native frames: (J=compiled Java code, j=interpreted, Vv=VM code, C=native code)
V  [jvm.dll+0x6e08b9]  (no source info available)
V  [jvm.dll+0x87dc83]  (no source info available)
V  [jvm.dll+0x88010e]  (no source info available)
V  [jvm.dll+0x8807e3]  (no source info available)
V  [jvm.dll+0x27aee6]  (no source info available)
V  [jvm.dll+0xb6a17]  (no source info available)
V  [jvm.dll+0x331585]  (no source info available)
V  [jvm.dll+0x329641]  (no source info available)
V  [jvm.dll+0x844355]  (no source info available)
V  [jvm.dll+0x3b9848]  (no source info available)
V  [jvm.dll+0x82d14c]  (no source info available)
V  [jvm.dll+0x454d4e]  (no source info available)
V  [jvm.dll+0x456bd1]  (no source info available)
C  [jli.dll+0x52a3]  (no source info available)
C  [ucrtbase.dll+0x37b0]  (no source info available)
C  [KERNEL32.DLL+0x2e8d7]  (no source info available)
C  [ntdll.dll+0x8c53c]  (no source info available)

Lock stack of current Java thread (top to bottom):


---------------  P R O C E S S  ---------------

Threads class SMR info:
_java_thread_list=0x00007ffe04183618, length=0, elements={
}

Java Threads: ( => current thread )
Total: 0

Other Threads:
  0x0000020bd746be70 WorkerThread "GC Thread#0"                     [id=16164, stack(0x0000001080300000,0x0000001080400000) (1024K)]

[error occurred during error reporting (printing all threads), id 0xc0000005, EXCEPTION_ACCESS_VIOLATION (0xc0000005) at pc=0x00007ffe038c6830]
VM state: not at safepoint (not fully initialized)

VM Mutex/Monitor currently owned by a thread:  ([mutex/lock_event])
[0x00007ffe04203a10] Heap_lock - owner thread: 0x0000020bd503f8d0

Heap address: 0x000000008b800000, size: 1864 MB, Compressed Oops mode: 32-bit

CDS archive(s) mapped at: [0x0000000000000000-0x0000000000000000-0x0000000000000000), size 0, SharedBaseAddress: 0x0000000800000000, ArchiveRelocationMode: 1.
Narrow klass base: 0x0000000000000000, Narrow klass shift: 0, Narrow klass range: 0x0

GC Precious Log:
 CardTable entry size: 512
 Card Set container configuration: InlinePtr #cards 5 size 8 Array Of Cards #cards 10 size 36 Howl #buckets 4 coarsen threshold 1843 Howl Bitmap #cards 512 size 80 coarsen threshold 460 Card regions per heap region 1 cards per card region 2048

Heap:
 garbage-first heap   total reserved 1908736K, committed 0K, used 0K [0x000000008b800000, 0x0000000100000000)
  region size 1024K, 0 young (0K), 0 survivors (0K)

[error occurred during error reporting (printing heap information), id 0xc0000005, EXCEPTION_ACCESS_VIOLATION (0xc0000005) at pc=0x00007ffe03ccc3c9]
GC Heap History (0 events):
No events

Dll operation events (1 events):
Event: 0.103 Loaded shared library C:\Program Files\Java\jdk-23\bin\java.dll

Deoptimization events (0 events):
No events

Classes loaded (0 events):
No events

Classes unloaded (0 events):
No events

Classes redefined (0 events):
No events

Internal exceptions (0 events):
No events

VM Operations (0 events):
No events

Memory protections (0 events):
No events

Nmethod flushes (0 events):
No events

Events (0 events):
No events


Dynamic libraries:
0x00007ff718f40000 - 0x00007ff718f48000 	C:\Program Files\Java\jdk-23\bin\javac.exe
0x00007ffef39a0000 - 0x00007ffef3c08000 	C:\WINDOWS\SYSTEM32\ntdll.dll
0x00007ffef17c0000 - 0x00007ffef1889000 	C:\WINDOWS\System32\KERNEL32.DLL
0x00007ffef0c80000 - 0x00007ffef1072000 	C:\WINDOWS\System32\KERNELBASE.dll
0x00007ffef0b30000 - 0x00007ffef0c7b000 	C:\WINDOWS\System32\ucrtbase.dll
0x00007ffed9880000 - 0x00007ffed9897000 	C:\Program Files\Java\jdk-23\bin\jli.dll
0x00007ffef20a0000 - 0x00007ffef2265000 	C:\WINDOWS\System32\USER32.dll
0x00007ffef1080000 - 0x00007ffef10a7000 	C:\WINDOWS\System32\win32u.dll
0x00007ffed9270000 - 0x00007ffed928b000 	C:\Program Files\Java\jdk-23\bin\VCRUNTIME140.dll
0x00007ffef2a60000 - 0x00007ffef2a8b000 	C:\WINDOWS\System32\GDI32.dll
0x00007ffedc210000 - 0x00007ffedc4a3000 	C:\WINDOWS\WinSxS\amd64_microsoft.windows.common-controls_6595b64144ccf1df_6.0.26100.6899_none_3e0efeeae32e88c1\COMCTL32.dll
0x00007ffef10b0000 - 0x00007ffef11dd000 	C:\WINDOWS\System32\gdi32full.dll
0x00007ffef1ff0000 - 0x00007ffef2099000 	C:\WINDOWS\System32\msvcrt.dll
0x00007ffef11e0000 - 0x00007ffef1283000 	C:\WINDOWS\System32\msvcp_win.dll
0x00007ffef1f30000 - 0x00007ffef1f5f000 	C:\WINDOWS\System32\IMM32.DLL
0x00007ffeeb9d0000 - 0x00007ffeeb9dc000 	C:\Program Files\Java\jdk-23\bin\vcruntime140_1.dll
0x00007ffebc920000 - 0x00007ffebc9ae000 	C:\Program Files\Java\jdk-23\bin\msvcp140.dll
0x00007ffe03590000 - 0x00007ffe042df000 	C:\Program Files\Java\jdk-23\bin\server\jvm.dll
0x00007ffef1e70000 - 0x00007ffef1f24000 	C:\WINDOWS\System32\ADVAPI32.dll
0x00007ffef1cc0000 - 0x00007ffef1d66000 	C:\WINDOWS\System32\sechost.dll
0x00007ffef1a00000 - 0x00007ffef1b18000 	C:\WINDOWS\System32\RPCRT4.dll
0x00007ffef1f70000 - 0x00007ffef1fe4000 	C:\WINDOWS\System32\WS2_32.dll
0x00007ffef0990000 - 0x00007ffef09ee000 	C:\WINDOWS\SYSTEM32\POWRPROF.dll
0x00007ffee4c40000 - 0x00007ffee4c75000 	C:\WINDOWS\SYSTEM32\WINMM.dll
0x00007ffee16d0000 - 0x00007ffee16db000 	C:\WINDOWS\SYSTEM32\VERSION.dll
0x00007ffef0970000 - 0x00007ffef0984000 	C:\WINDOWS\SYSTEM32\UMPDC.dll
0x00007ffeef900000 - 0x00007ffeef91b000 	C:\WINDOWS\SYSTEM32\kernel.appcore.dll
0x00007ffeeaa90000 - 0x00007ffeeaa9a000 	C:\Program Files\Java\jdk-23\bin\jimage.dll
0x00007ffee39e0000 - 0x00007ffee3c22000 	C:\WINDOWS\SYSTEM32\DBGHELP.DLL
0x00007ffef25e0000 - 0x00007ffef295b000 	C:\WINDOWS\System32\combase.dll
0x00007ffef2320000 - 0x00007ffef23f7000 	C:\WINDOWS\System32\OLEAUT32.dll
0x00007ffed9130000 - 0x00007ffed916c000 	C:\WINDOWS\SYSTEM32\dbgcore.DLL
0x00007ffef1640000 - 0x00007ffef16d8000 	C:\WINDOWS\System32\bcryptPrimitives.dll
0x00007ffed8a40000 - 0x00007ffed8a5e000 	C:\Program Files\Java\jdk-23\bin\java.dll
0x00007ffef1b20000 - 0x00007ffef1cb8000 	C:\WINDOWS\System32\ole32.dll
0x00007ffef2b90000 - 0x00007ffef32dd000 	C:\WINDOWS\System32\SHELL32.dll
0x00007ffef1290000 - 0x00007ffef13fb000 	C:\WINDOWS\System32\wintypes.dll

dbghelp: loaded successfully - version: 4.0.5 - missing functions: none
symbol engine: initialized successfully - sym options: 0x614 - pdb path: .;C:\Program Files\Java\jdk-23\bin;C:\WINDOWS\SYSTEM32;C:\WINDOWS\WinSxS\amd64_microsoft.windows.common-controls_6595b64144ccf1df_6.0.26100.6899_none_3e0efeeae32e88c1;C:\Program Files\Java\jdk-23\bin\server

VM Arguments:
jvm_args: -Dapplication.home=C:\Program Files\Java\jdk-23 --add-modules=ALL-DEFAULT -Xms8m -Djdk.module.main=jdk.compiler 
java_command: jdk.compiler/com.sun.tools.javac.Main FlappyBird.java
java_class_path (initial): <not set>
Launcher Type: SUN_STANDARD

[Global flags]
     intx CICompilerCount                          = 4                                         {product} {ergonomic}
     uint ConcGCThreads                            = 2                                         {product} {ergonomic}
     uint G1ConcRefinementThreads                  = 8                                         {product} {ergonomic}
   size_t G1HeapRegionSize                         = 1048576                                   {product} {ergonomic}
   size_t InitialHeapSize                          = 8388608                                   {product} {command line}
   size_t MarkStackSize                            = 4194304                                   {product} {ergonomic}
   size_t MarkStackSizeMax                         = 536870912                                 {product} {ergonomic}
   size_t MaxHeapSize                              = 1954545664                                {product} {ergonomic}
   size_t MinHeapDeltaBytes                        = 1048576                                   {product} {ergonomic}
   size_t MinHeapSize                              = 8388608                                   {product} {command line}
    uintx NonNMethodCodeHeapSize                   = 5832704                                {pd product} {ergonomic}
    uintx NonProfiledCodeHeapSize                  = 122945536                              {pd product} {ergonomic}
    uintx ProfiledCodeHeapSize                     = 122880000                              {pd product} {ergonomic}
    uintx ReservedCodeCacheSize                    = 251658240                              {pd product} {ergonomic}
     bool SegmentedCodeCache                       = true                                      {product} {ergonomic}
   size_t SoftMaxHeapSize                          = 1954545664                             {manageable} {ergonomic}
     bool UseCompressedOops                        = true                           {product lp64_product} {ergonomic}
     bool UseG1GC                                  = true                                      {product} {ergonomic}
     bool UseLargePagesIndividualAllocation        = false                                  {pd product} {ergonomic}

Logging:
Log output configuration:
 #0: stdout all=warning uptime,level,tags foldmultilines=false
 #1: stderr all=off uptime,level,tags foldmultilines=false

Environment Variables:
PATH=C:\Python313\Scripts\;C:\Python313\;C:\Program Files\Common Files\Oracle\Java\javapath;C:\Program Files\Microsoft\jdk-11.0.16.101-hotspot\bin;C:\WINDOWS\system32;C:\WINDOWS;C:\WINDOWS\System32\Wbem;C:\WINDOWS\System32\WindowsPowerShell\v1.0\;C:\WINDOWS\System32\OpenSSH\;C:\Program Files\dotnet\;C:\MinGW\bin;C:\Program Files\Java\jdk-23\bin;C:\Program Files\MySQL\MySQL Server 8.0\bin;C:\Program Files\Vim\vim91;C:\Program Files\Git\cmd;C:\Program Files\Git\bin;;C:\Program Files\Docker\Docker\resources\bin;C:\ProgramData\chocolatey\bin;C:\Program Files\nodejs\;C:\Program Files (x86)\Microsoft SQL Server\160\Tools\Binn\;C:\Program Files\Microsoft SQL Server\160\Tools\Binn\;C:\Program Files\Microsoft SQL Server\Client SDK\ODBC\170\Tools\Binn\;C:\Program Files\Microsoft SQL Server\160\DTS\Binn\;C:\Program Files\MySQL\MySQL Shell 8.0\bin\;C:\Users\misal\AppData\Local\Programs\Python\Python312\Scripts\;C:\Users\misal\AppData\Local\Programs\Python\Python312\;C:\Users\misal\AppData\Local\Microsoft\WindowsApps;C:\Users\misal\Downloads\Microsoft VS Code\bin;C:\Users\misal\AppData\Local\Programs\Microsoft VS Code\bin;C:\MinGW\bin;C:\Users\misal\AppData\Local\JetBrains\Toolbox\scripts;C:\Users\misal\.dotnet\tools;C:\Users\misal\AppData\Local\GitHubDesktop\bin;C:\ProgramData\misal\GitHubDesktop\bin;C:\Users\misal\AppData\Local\Microsoft\WindowsApps;C:\Users\misal\miniconda3;C:\Users\misal\miniconda3\Scripts;C:\Users\misal\miniconda3\Library\bin;C:\Users\misal\AppData\Roaming\npm
USERNAME=misal
LANG=en_US.UTF-8
OS=Windows_NT
PROCESSOR_IDENTIFIER=AMD64 Family 23 Model 160 Stepping 0, AuthenticAMD
TMP=C:\Users\misal\AppData\Local\Temp
TEMP=C:\Users\misal\AppData\Local\Temp




Periodic native trim disabled

---------------  S Y S T E M  ---------------

OS:
 Windows 11 , 64 bit Build 26100 (10.0.26100.6725)
OS uptime: 6 days 15:44 hours
Hyper-V role detected

CPU: total 8 (initial active 8) (8 cores per cpu, 2 threads per core) family 23 model 160 stepping 0 microcode 0x8a00006, cx8, cmov, fxsr, ht, mmx, 3dnowpref, sse, sse2, sse3, ssse3, sse4a, sse4.1, sse4.2, popcnt, lzcnt, tsc, tscinvbit, avx, avx2, aes, clmul, bmi1, bmi2, adx, sha, fma, vzeroupper, clflush, clflushopt, hv, rdtscp, rdpid, f16c
Processor Information for the first 8 processors :
  Max Mhz: 2401, Current Mhz: 2401, Mhz Limit: 2401

Memory: 4k page, system-wide physical 7455M (908M free)
TotalPageFile size 29983M (AvailPageFile size 14M)
current process WorkingSet (physical memory assigned to process): 13M, peak: 13M
current process commit charge ("private bytes"): 57M, peak: 58M

vm_info: Java HotSpot(TM) 64-Bit Server VM (23.0.1+11-39) for windows-amd64 JRE (23.0.1+11-39), built on 2024-09-30T07:20:43Z with MS VC++ 17.6 (VS2022)

END.
